<?xml version="1.0" encoding="UTF-8"?>
<!-- Generated by org.testng.reporters.JUnitXMLReporter -->
<testsuite hostname="DESKTOP-7OGTOJB" name="Test Maven Testing" tests="12" failures="0" timestamp="1 Jan 2020 06:53:19 GMT" time="0.023" errors="0">
  <testcase name="Sub" time="0.006" classname="com.qa.tests.DemoTest"/>
  <testcase name="add" time="0.001" classname="com.qa.tests.DemoTest"/>
  <testcase name="div" time="0.0" classname="com.qa.tests.DemoTest"/>
  <testcase name="multi" time="0.0" classname="com.qa.tests.DemoTest"/>
  <testcase name="Sub" time="0.0" classname="com.qa.tests.DemoTest1"/>
  <testcase name="add" time="0.0" classname="com.qa.tests.DemoTest1"/>
  <testcase name="div" time="0.0" classname="com.qa.tests.DemoTest1"/>
  <testcase name="multi" time="0.001" classname="com.qa.tests.DemoTest1"/>
  <testcase name="Sub" time="0.0" classname="com.qa.tests.DemoTest2"/>
  <testcase name="add" time="0.0" classname="com.qa.tests.DemoTest2"/>
  <testcase name="div" time="0.0" classname="com.qa.tests.DemoTest2"/>
  <testcase name="multi" time="0.0" classname="com.qa.tests.DemoTest2"/>
</testsuite> <!-- Test Maven Testing -->
