<?xml version="1.0" encoding="UTF-8"?>
<testng-results skipped="0" failed="0" total="12" passed="12">
  <reporter-output>
  </reporter-output>
  <suite name="Test Maven Suite" duration-ms="23" started-at="2020-01-01T06:53:19Z" finished-at="2020-01-01T06:53:19Z">
    <groups>
    </groups>
    <test name="Test Maven Testing" duration-ms="23" started-at="2020-01-01T06:53:19Z" finished-at="2020-01-01T06:53:19Z">
      <class name="com.qa.tests.DemoTest">
        <test-method status="PASS" signature="Sub()[pri:0, instance:com.qa.tests.DemoTest@21bcffb5]" name="Sub" duration-ms="6" started-at="2020-01-01T00:53:19Z" finished-at="2020-01-01T00:53:19Z">
          <reporter-output>
          </reporter-output>
        </test-method> <!-- Sub -->
        <test-method status="PASS" signature="add()[pri:0, instance:com.qa.tests.DemoTest@21bcffb5]" name="add" duration-ms="1" started-at="2020-01-01T00:53:19Z" finished-at="2020-01-01T00:53:19Z">
          <reporter-output>
          </reporter-output>
        </test-method> <!-- add -->
        <test-method status="PASS" signature="div()[pri:0, instance:com.qa.tests.DemoTest@21bcffb5]" name="div" duration-ms="0" started-at="2020-01-01T00:53:19Z" finished-at="2020-01-01T00:53:19Z">
          <reporter-output>
          </reporter-output>
        </test-method> <!-- div -->
        <test-method status="PASS" signature="multi()[pri:0, instance:com.qa.tests.DemoTest@21bcffb5]" name="multi" duration-ms="0" started-at="2020-01-01T00:53:19Z" finished-at="2020-01-01T00:53:19Z">
          <reporter-output>
          </reporter-output>
        </test-method> <!-- multi -->
      </class> <!-- com.qa.tests.DemoTest -->
      <class name="com.qa.tests.DemoTest1">
        <test-method status="PASS" signature="Sub()[pri:0, instance:com.qa.tests.DemoTest1@4e04a765]" name="Sub" duration-ms="0" started-at="2020-01-01T00:53:19Z" finished-at="2020-01-01T00:53:19Z">
          <reporter-output>
          </reporter-output>
        </test-method> <!-- Sub -->
        <test-method status="PASS" signature="multi()[pri:0, instance:com.qa.tests.DemoTest1@4e04a765]" name="multi" duration-ms="1" started-at="2020-01-01T00:53:19Z" finished-at="2020-01-01T00:53:19Z">
          <reporter-output>
          </reporter-output>
        </test-method> <!-- multi -->
        <test-method status="PASS" signature="add()[pri:0, instance:com.qa.tests.DemoTest1@4e04a765]" name="add" duration-ms="0" started-at="2020-01-01T00:53:19Z" finished-at="2020-01-01T00:53:19Z">
          <reporter-output>
          </reporter-output>
        </test-method> <!-- add -->
        <test-method status="PASS" signature="div()[pri:0, instance:com.qa.tests.DemoTest1@4e04a765]" name="div" duration-ms="0" started-at="2020-01-01T00:53:19Z" finished-at="2020-01-01T00:53:19Z">
          <reporter-output>
          </reporter-output>
        </test-method> <!-- div -->
      </class> <!-- com.qa.tests.DemoTest1 -->
      <class name="com.qa.tests.DemoTest2">
        <test-method status="PASS" signature="Sub()[pri:0, instance:com.qa.tests.DemoTest2@783e6358]" name="Sub" duration-ms="0" started-at="2020-01-01T00:53:19Z" finished-at="2020-01-01T00:53:19Z">
          <reporter-output>
          </reporter-output>
        </test-method> <!-- Sub -->
        <test-method status="PASS" signature="add()[pri:0, instance:com.qa.tests.DemoTest2@783e6358]" name="add" duration-ms="0" started-at="2020-01-01T00:53:19Z" finished-at="2020-01-01T00:53:19Z">
          <reporter-output>
          </reporter-output>
        </test-method> <!-- add -->
        <test-method status="PASS" signature="div()[pri:0, instance:com.qa.tests.DemoTest2@783e6358]" name="div" duration-ms="0" started-at="2020-01-01T00:53:19Z" finished-at="2020-01-01T00:53:19Z">
          <reporter-output>
          </reporter-output>
        </test-method> <!-- div -->
        <test-method status="PASS" signature="multi()[pri:0, instance:com.qa.tests.DemoTest2@783e6358]" name="multi" duration-ms="0" started-at="2020-01-01T00:53:19Z" finished-at="2020-01-01T00:53:19Z">
          <reporter-output>
          </reporter-output>
        </test-method> <!-- multi -->
      </class> <!-- com.qa.tests.DemoTest2 -->
    </test> <!-- Test Maven Testing -->
  </suite> <!-- Test Maven Suite -->
</testng-results>
